<?xml version="1.0" encoding="UTF-8"?>
<testsuite name="com.albedo.java.modules.sys.service.UserServiceTest" time="1.186" tests="19" errors="0" skipped="0" failures="0">
  <properties>
    <property name="idea.version" value="2017.3"/>
    <property name="java.runtime.name" value="Java(TM) SE Runtime Environment"/>
    <property name="sun.boot.library.path" value="/usr/local/java/jdk1.8.0_144/jre/lib/amd64"/>
    <property name="java.vm.version" value="25.144-b01"/>
    <property name="java.vm.vendor" value="Oracle Corporation"/>
    <property name="maven.multiModuleProjectDirectory" value="/home/somewhere/albedo/albedo-boot"/>
    <property name="java.vendor.url" value="http://java.oracle.com/"/>
    <property name="path.separator" value=":"/>
    <property name="guice.disable.misplaced.annotation.check" value="true"/>
    <property name="java.vm.name" value="Java HotSpot(TM) 64-Bit Server VM"/>
    <property name="file.encoding.pkg" value="sun.io"/>
    <property name="user.country" value="CN"/>
    <property name="sun.java.launcher" value="SUN_STANDARD"/>
    <property name="sun.os.patch.level" value="unknown"/>
    <property name="java.vm.specification.name" value="Java Virtual Machine Specification"/>
    <property name="user.dir" value="/home/somewhere/albedo/albedo-boot"/>
    <property name="java.runtime.version" value="1.8.0_144-b01"/>
    <property name="java.awt.graphicsenv" value="sun.awt.X11GraphicsEnvironment"/>
    <property name="java.endorsed.dirs" value="/usr/local/java/jdk1.8.0_144/jre/lib/endorsed"/>
    <property name="os.arch" value="amd64"/>
    <property name="java.io.tmpdir" value="/tmp"/>
    <property name="line.separator" value="&#10;"/>
    <property name="java.vm.specification.vendor" value="Oracle Corporation"/>
    <property name="os.name" value="Linux"/>
    <property name="classworlds.conf" value="/home/somewhere/apache/idea-IU-173.3727.127/plugins/maven/lib/maven3/bin/m2.conf"/>
    <property name="sun.jnu.encoding" value="UTF-8"/>
    <property name="java.library.path" value="/usr/java/packages/lib/amd64:/usr/lib64:/lib64:/lib:/usr/lib"/>
    <property name="java.specification.name" value="Java Platform API Specification"/>
    <property name="java.class.version" value="52.0"/>
    <property name="sun.management.compiler" value="HotSpot 64-Bit Tiered Compilers"/>
    <property name="os.version" value="4.10.0-42-generic"/>
    <property name="user.home" value="/home/somewhere"/>
    <property name="user.timezone" value="Asia/Shanghai"/>
    <property name="java.awt.printerjob" value="sun.print.PSPrinterJob"/>
    <property name="java.specification.version" value="1.8"/>
    <property name="file.encoding" value="UTF-8"/>
    <property name="user.name" value="somewhere"/>
    <property name="java.class.path" value="/home/somewhere/apache/idea-IU-173.3727.127/plugins/maven/lib/maven3/boot/plexus-classworlds-2.5.2.jar:/home/somewhere/apache/idea-IU-173.3727.127/lib/idea_rt.jar"/>
    <property name="java.vm.specification.version" value="1.8"/>
    <property name="sun.arch.data.model" value="64"/>
    <property name="java.home" value="/usr/local/java/jdk1.8.0_144/jre"/>
    <property name="sun.java.command" value="org.codehaus.classworlds.Launcher -Didea.version=2017.3 -s /usr/local/maven/apache-maven-3.2.5/conf/settings.xml install -P dev,swagger"/>
    <property name="java.specification.vendor" value="Oracle Corporation"/>
    <property name="user.language" value="zh"/>
    <property name="awt.toolkit" value="sun.awt.X11.XToolkit"/>
    <property name="java.vm.info" value="mixed mode"/>
    <property name="java.version" value="1.8.0_144"/>
    <property name="java.ext.dirs" value="/usr/local/java/jdk1.8.0_144/jre/lib/ext:/usr/java/packages/lib/ext"/>
    <property name="securerandom.source" value="file:/dev/./urandom"/>
    <property name="sun.boot.class.path" value="/usr/local/java/jdk1.8.0_144/jre/lib/resources.jar:/usr/local/java/jdk1.8.0_144/jre/lib/rt.jar:/usr/local/java/jdk1.8.0_144/jre/lib/sunrsasign.jar:/usr/local/java/jdk1.8.0_144/jre/lib/jsse.jar:/usr/local/java/jdk1.8.0_144/jre/lib/jce.jar:/usr/local/java/jdk1.8.0_144/jre/lib/charsets.jar:/usr/local/java/jdk1.8.0_144/jre/lib/jfr.jar:/usr/local/java/jdk1.8.0_144/jre/classes"/>
    <property name="java.vendor" value="Oracle Corporation"/>
    <property name="maven.home" value="/home/somewhere/apache/idea-IU-173.3727.127/plugins/maven/lib/maven3"/>
    <property name="file.separator" value="/"/>
    <property name="java.vendor.url.bug" value="http://bugreport.sun.com/bugreport/"/>
    <property name="sun.cpu.endian" value="little"/>
    <property name="sun.io.unicode.encoding" value="UnicodeLittle"/>
    <property name="sun.desktop" value="gnome"/>
    <property name="sun.cpu.isalist" value=""/>
  </properties>
  <testcase name="deletesAUserById" classname="com.albedo.java.modules.sys.service.UserServiceTest" time="0.378"/>
  <testcase name="existReturnsWhetherAnEntityCanBeLoaded" classname="com.albedo.java.modules.sys.service.UserServiceTest" time="0.068"/>
  <testcase name="testReadByIdReturnsNullForNotFoundEntities" classname="com.albedo.java.modules.sys.service.UserServiceTest" time="0.053"/>
  <testcase name="deleteColletionOfEntities" classname="com.albedo.java.modules.sys.service.UserServiceTest" time="0.077"/>
  <testcase name="testRead" classname="com.albedo.java.modules.sys.service.UserServiceTest" time="0.068"/>
  <testcase name="findPage" classname="com.albedo.java.modules.sys.service.UserServiceTest" time="0.112"/>
  <testcase name="deleteAll" classname="com.albedo.java.modules.sys.service.UserServiceTest" time="0.063"/>
  <testcase name="returnsAllSortedCorrectly" classname="com.albedo.java.modules.sys.service.UserServiceTest" time="0.051"/>
  <testcase name="testReadAll" classname="com.albedo.java.modules.sys.service.UserServiceTest" time="0.042"/>
  <testcase name="returnsAllAsPageIfNoPageableIsGiven" classname="com.albedo.java.modules.sys.service.UserServiceTest" time="0.05"/>
  <testcase name="savingNullCollectionIsNoOp" classname="com.albedo.java.modules.sys.service.UserServiceTest" time="0.003"/>
  <testcase name="savingEmptyCollectionIsNoOp" classname="com.albedo.java.modules.sys.service.UserServiceTest" time="0.002"/>
  <testcase name="testDelete" classname="com.albedo.java.modules.sys.service.UserServiceTest" time="0.044"/>
  <testcase name="savesCollectionCorrectly" classname="com.albedo.java.modules.sys.service.UserServiceTest" time="0.012"/>
  <testcase name="testCountsCorrectly" classname="com.albedo.java.modules.sys.service.UserServiceTest" time="0.009"/>
  <testcase name="returnsAllIgnoreCaseSortedCorrectly" classname="com.albedo.java.modules.sys.service.UserServiceTest" time="0.041"/>
  <testcase name="testUpdate" classname="com.albedo.java.modules.sys.service.UserServiceTest" time="0.035"/>
  <testcase name="deleteEmptyCollectionDoesNotDeleteAnything" classname="com.albedo.java.modules.sys.service.UserServiceTest" time="0.036"/>
  <testcase name="returnsSameListIfNoSortIsGiven" classname="com.albedo.java.modules.sys.service.UserServiceTest" time="0.042"/>
</testsuite>