<?xml version="1.0" encoding="UTF-8"?>
<testsuite name="com.albedo.java.modules.sys.service.UserServiceTest" time="1.103" tests="19" errors="0" skipped="0" failures="0">
  <properties>
    <property name="idea.version" value="2017.2.5"/>
    <property name="java.runtime.name" value="Java(TM) SE Runtime Environment"/>
    <property name="sun.boot.library.path" value="/Library/Java/JavaVirtualMachines/jdk1.8.0_151.jdk/Contents/Home/jre/lib"/>
    <property name="java.vm.version" value="25.151-b12"/>
    <property name="gopherProxySet" value="false"/>
    <property name="java.vm.vendor" value="Oracle Corporation"/>
    <property name="maven.multiModuleProjectDirectory" value="/Users/somewhere/albedo/albedo-boot"/>
    <property name="java.vendor.url" value="http://java.oracle.com/"/>
    <property name="path.separator" value=":"/>
    <property name="guice.disable.misplaced.annotation.check" value="true"/>
    <property name="java.vm.name" value="Java HotSpot(TM) 64-Bit Server VM"/>
    <property name="file.encoding.pkg" value="sun.io"/>
    <property name="user.country" value="CN"/>
    <property name="sun.java.launcher" value="SUN_STANDARD"/>
    <property name="sun.os.patch.level" value="unknown"/>
    <property name="java.vm.specification.name" value="Java Virtual Machine Specification"/>
    <property name="user.dir" value="/Users/somewhere/albedo/albedo-boot"/>
    <property name="java.runtime.version" value="1.8.0_151-b12"/>
    <property name="java.awt.graphicsenv" value="sun.awt.CGraphicsEnvironment"/>
    <property name="java.endorsed.dirs" value="/Library/Java/JavaVirtualMachines/jdk1.8.0_151.jdk/Contents/Home/jre/lib/endorsed"/>
    <property name="os.arch" value="x86_64"/>
    <property name="java.io.tmpdir" value="/var/folders/p0/7bxdsp912z17655h7g1qqw140000gn/T/"/>
    <property name="line.separator" value="&#10;"/>
    <property name="java.vm.specification.vendor" value="Oracle Corporation"/>
    <property name="os.name" value="Mac OS X"/>
    <property name="classworlds.conf" value="/Applications/IntelliJ IDEA.app/Contents/plugins/maven/lib/maven3/bin/m2.conf"/>
    <property name="sun.jnu.encoding" value="UTF-8"/>
    <property name="java.library.path" value="/Users/somewhere/Library/Java/Extensions:/Library/Java/Extensions:/Network/Library/Java/Extensions:/System/Library/Java/Extensions:/usr/lib/java:."/>
    <property name="java.specification.name" value="Java Platform API Specification"/>
    <property name="java.class.version" value="52.0"/>
    <property name="sun.management.compiler" value="HotSpot 64-Bit Tiered Compilers"/>
    <property name="os.version" value="10.13.1"/>
    <property name="http.nonProxyHosts" value="local|*.local|169.254/16|*.169.254/16"/>
    <property name="user.home" value="/Users/somewhere"/>
    <property name="user.timezone" value="Asia/Shanghai"/>
    <property name="java.awt.printerjob" value="sun.lwawt.macosx.CPrinterJob"/>
    <property name="java.specification.version" value="1.8"/>
    <property name="file.encoding" value="UTF-8"/>
    <property name="user.name" value="somewhere"/>
    <property name="java.class.path" value="/Applications/IntelliJ IDEA.app/Contents/plugins/maven/lib/maven3/boot/plexus-classworlds-2.5.2.jar:/Applications/IntelliJ IDEA.app/Contents/lib/idea_rt.jar"/>
    <property name="java.vm.specification.version" value="1.8"/>
    <property name="sun.arch.data.model" value="64"/>
    <property name="java.home" value="/Library/Java/JavaVirtualMachines/jdk1.8.0_151.jdk/Contents/Home/jre"/>
    <property name="sun.java.command" value="org.codehaus.classworlds.Launcher -Didea.version=2017.2.5 -s /usr/local/Cellar/maven/3.5.2/libexec/conf/settings.xml install"/>
    <property name="java.specification.vendor" value="Oracle Corporation"/>
    <property name="user.language" value="zh"/>
    <property name="awt.toolkit" value="sun.lwawt.macosx.LWCToolkit"/>
    <property name="java.vm.info" value="mixed mode"/>
    <property name="java.version" value="1.8.0_151"/>
    <property name="java.ext.dirs" value="/Users/somewhere/Library/Java/Extensions:/Library/Java/JavaVirtualMachines/jdk1.8.0_151.jdk/Contents/Home/jre/lib/ext:/Library/Java/Extensions:/Network/Library/Java/Extensions:/System/Library/Java/Extensions:/usr/lib/java"/>
    <property name="sun.boot.class.path" value="/Library/Java/JavaVirtualMachines/jdk1.8.0_151.jdk/Contents/Home/jre/lib/resources.jar:/Library/Java/JavaVirtualMachines/jdk1.8.0_151.jdk/Contents/Home/jre/lib/rt.jar:/Library/Java/JavaVirtualMachines/jdk1.8.0_151.jdk/Contents/Home/jre/lib/sunrsasign.jar:/Library/Java/JavaVirtualMachines/jdk1.8.0_151.jdk/Contents/Home/jre/lib/jsse.jar:/Library/Java/JavaVirtualMachines/jdk1.8.0_151.jdk/Contents/Home/jre/lib/jce.jar:/Library/Java/JavaVirtualMachines/jdk1.8.0_151.jdk/Contents/Home/jre/lib/charsets.jar:/Library/Java/JavaVirtualMachines/jdk1.8.0_151.jdk/Contents/Home/jre/lib/jfr.jar:/Library/Java/JavaVirtualMachines/jdk1.8.0_151.jdk/Contents/Home/jre/classes"/>
    <property name="java.vendor" value="Oracle Corporation"/>
    <property name="maven.home" value="/Applications/IntelliJ IDEA.app/Contents/plugins/maven/lib/maven3"/>
    <property name="file.separator" value="/"/>
    <property name="java.vendor.url.bug" value="http://bugreport.sun.com/bugreport/"/>
    <property name="sun.cpu.endian" value="little"/>
    <property name="sun.io.unicode.encoding" value="UnicodeBig"/>
    <property name="socksNonProxyHosts" value="local|*.local|169.254/16|*.169.254/16"/>
    <property name="ftp.nonProxyHosts" value="local|*.local|169.254/16|*.169.254/16"/>
    <property name="sun.cpu.isalist" value=""/>
  </properties>
  <testcase name="deletesAUserById" classname="com.albedo.java.modules.sys.service.UserServiceTest" time="0.364"/>
  <testcase name="existReturnsWhetherAnEntityCanBeLoaded" classname="com.albedo.java.modules.sys.service.UserServiceTest" time="0.068"/>
  <testcase name="testReadByIdReturnsNullForNotFoundEntities" classname="com.albedo.java.modules.sys.service.UserServiceTest" time="0.049"/>
  <testcase name="deleteColletionOfEntities" classname="com.albedo.java.modules.sys.service.UserServiceTest" time="0.059"/>
  <testcase name="testRead" classname="com.albedo.java.modules.sys.service.UserServiceTest" time="0.041"/>
  <testcase name="findPage" classname="com.albedo.java.modules.sys.service.UserServiceTest" time="0.106"/>
  <testcase name="deleteAll" classname="com.albedo.java.modules.sys.service.UserServiceTest" time="0.042"/>
  <testcase name="returnsAllSortedCorrectly" classname="com.albedo.java.modules.sys.service.UserServiceTest" time="0.05"/>
  <testcase name="testReadAll" classname="com.albedo.java.modules.sys.service.UserServiceTest" time="0.054"/>
  <testcase name="returnsAllAsPageIfNoPageableIsGiven" classname="com.albedo.java.modules.sys.service.UserServiceTest" time="0.049"/>
  <testcase name="savingNullCollectionIsNoOp" classname="com.albedo.java.modules.sys.service.UserServiceTest" time="0.002"/>
  <testcase name="savingEmptyCollectionIsNoOp" classname="com.albedo.java.modules.sys.service.UserServiceTest" time="0.001"/>
  <testcase name="testDelete" classname="com.albedo.java.modules.sys.service.UserServiceTest" time="0.046"/>
  <testcase name="savesCollectionCorrectly" classname="com.albedo.java.modules.sys.service.UserServiceTest" time="0.01"/>
  <testcase name="testCountsCorrectly" classname="com.albedo.java.modules.sys.service.UserServiceTest" time="0.006"/>
  <testcase name="returnsAllIgnoreCaseSortedCorrectly" classname="com.albedo.java.modules.sys.service.UserServiceTest" time="0.039"/>
  <testcase name="testUpdate" classname="com.albedo.java.modules.sys.service.UserServiceTest" time="0.04"/>
  <testcase name="deleteEmptyCollectionDoesNotDeleteAnything" classname="com.albedo.java.modules.sys.service.UserServiceTest" time="0.038"/>
  <testcase name="returnsSameListIfNoSortIsGiven" classname="com.albedo.java.modules.sys.service.UserServiceTest" time="0.039"/>
</testsuite>